<?xml version="1.0" encoding="UTF-8"?>
<!-- Generated by org.testng.reporters.JUnitXMLReporter -->
<testsuite ignored="0" hostname="DESKTOP-9060QJV" failures="0" tests="2" name="Test-2" time="0.369" errors="0" timestamp="19 Sept 2025 06:21:18 GMT">
  <testcase classname="BatchExecution.CreateContactTestWithBlankBaseClass" name="createContact" time="0.091"/>
  <testcase classname="BatchExecution.CreateContactTestWithBlankBaseClass" name="createContactWithDate" time="0.008"/>
</testsuite> <!-- Test-2 -->
