<?xml version="1.0" encoding="UTF-8"?>
<!-- Generated by org.testng.reporters.JUnitXMLReporter -->
<testsuite ignored="0" hostname="DESKTOP-9060QJV" failures="0" tests="2" name="Test-1" time="0.348" errors="0" timestamp="19 Sept 2025 06:21:18 GMT">
  <testcase classname="BatchExecution.CreateOrganizationTestWithBlankBaseClass" name="createOrgTest" time="0.117"/>
  <testcase classname="BatchExecution.CreateOrganizationTestWithBlankBaseClass" name="createorgWithIndustry" time="0.072"/>
</testsuite> <!-- Test-1 -->
