<?xml version="1.0" encoding="UTF-8"?>
<!-- Generated by org.testng.reporters.JUnitReportReporter -->
<testsuite hostname="DESKTOP-9060QJV" failures="0" tests="2" name="PracticeTestNG.GetProductInfoWithDataProviderAndDynamicXpathWithExcelTest" time="0.072" errors="0" timestamp="16 Sept 2025 08:44:59 GMT" skipped="0">
  <testcase classname="PracticeTestNG.GetProductInfoWithDataProviderAndDynamicXpathWithExcelTest" name="getProductInfoTest" time="0.008"/>
  <testcase classname="PracticeTestNG.GetProductInfoWithDataProviderAndDynamicXpathWithExcelTest" name="getProductInfoTest" time="0.064"/>
</testsuite> <!-- PracticeTestNG.GetProductInfoWithDataProviderAndDynamicXpathWithExcelTest -->
