<?xml version="1.0" encoding="UTF-8"?>
<!-- Generated by org.testng.reporters.JUnitReportReporter -->
<testsuite hostname="DESKTOP-9060QJV" failures="0" tests="2" name="com.comcast.crm.Baseclass.CreateOrganizationTestWithBaseClass" time="0.064" errors="0" timestamp="17 Sept 2025 10:23:03 GMT" skipped="0">
  <testcase classname="com.comcast.crm.Baseclass.CreateOrganizationTestWithBaseClass" name="createorgWithIndustry" time="0.032"/>
  <testcase classname="com.comcast.crm.Baseclass.CreateOrganizationTestWithBaseClass" name="createOrgTest" time="0.032"/>
</testsuite> <!-- com.comcast.crm.Baseclass.CreateOrganizationTestWithBaseClass -->
