<?xml version="1.0" encoding="UTF-8"?>
<!-- Generated by org.testng.reporters.JUnitReportReporter -->
<testsuite hostname="DESKTOP-9060QJV" failures="0" tests="2" name="Assertion.HomePageVerificationTest" time="20.996" errors="0" timestamp="19 Sept 2025 08:52:47 GMT" skipped="0">
  <testcase classname="Assertion.HomePageVerificationTest" name="verifyLogohomePageTest" time="8.315"/>
  <testcase classname="Assertion.HomePageVerificationTest" name="homePageTest" time="12.681"/>
</testsuite> <!-- Assertion.HomePageVerificationTest -->
