<?xml version="1.0" encoding="UTF-8"?>
<!-- Generated by org.testng.reporters.JUnitReportReporter -->
<testsuite hostname="DESKTOP-9060QJV" failures="0" tests="1" name="advanceReport.AdwanceReportWithAttachScreenshot" time="12.929" errors="0" timestamp="24 Sept 2025 06:40:40 GMT" skipped="0">
  <testcase classname="advanceReport.AdwanceReportWithAttachScreenshot" name="createContactTest" time="12.929"/>
</testsuite> <!-- advanceReport.AdwanceReportWithAttachScreenshot -->
