<?xml version="1.0" encoding="UTF-8"?>
<!-- Generated by org.testng.reporters.JUnitReportReporter -->
<testsuite hostname="DESKTOP-9060QJV" failures="0" tests="3" name="PracticeTestNG.GetProductInfoWithDataProviderAndDynamicXpathTest" time="50.876" errors="0" timestamp="16 Sept 2025 07:15:16 GMT" skipped="0">
  <testcase classname="PracticeTestNG.GetProductInfoWithDataProviderAndDynamicXpathTest" name="getProductInfoTest" time="16.485"/>
  <testcase classname="PracticeTestNG.GetProductInfoWithDataProviderAndDynamicXpathTest" name="getProductInfoTest" time="14.765"/>
  <testcase classname="PracticeTestNG.GetProductInfoWithDataProviderAndDynamicXpathTest" name="getProductInfoTest" time="19.626"/>
</testsuite> <!-- PracticeTestNG.GetProductInfoWithDataProviderAndDynamicXpathTest -->
