<?xml version="1.0" encoding="UTF-8"?>
<!-- Generated by org.testng.reporters.JUnitReportReporter -->
<testsuite hostname="DESKTOP-9060QJV" failures="0" tests="1" name="com.comcast.crm.generic.ListnerImplementation.AdvanceReport" time="1.709" errors="0" timestamp="23 Sept 2025 12:00:24 GMT" skipped="0">
  <testcase classname="com.comcast.crm.generic.ListnerImplementation.AdvanceReport" name="createContactTest" time="1.709"/>
</testsuite> <!-- com.comcast.crm.generic.ListnerImplementation.AdvanceReport -->
