<?xml version="1.0" encoding="UTF-8"?>
<!-- Generated by org.testng.reporters.JUnitReportReporter -->
<testsuite hostname="DESKTOP-9060QJV" failures="0" tests="1" name="com.comcast.crm.generic.ListnerImplementation.AdwanceReport" time="5.107" errors="0" timestamp="23 Sept 2025 11:06:52 GMT" skipped="0">
  <testcase classname="com.comcast.crm.generic.ListnerImplementation.AdwanceReport" name="createContactTest" time="5.107"/>
</testsuite> <!-- com.comcast.crm.generic.ListnerImplementation.AdwanceReport -->
