<?xml version="1.0" encoding="UTF-8"?>
<!-- Generated by org.testng.reporters.JUnitReportReporter -->
<testsuite hostname="DESKTOP-9060QJV" failures="0" tests="2" name="com.comcast.crm.contacttestWithBaseClass.CreateOrganizationWithBaseClass" time="16.237" errors="0" timestamp="18 Sept 2025 07:57:13 GMT" skipped="0">
  <testcase classname="com.comcast.crm.contacttestWithBaseClass.CreateOrganizationWithBaseClass" name="CreateOrgnizationWithContact" time="8.991"/>
  <testcase classname="com.comcast.crm.contacttestWithBaseClass.CreateOrganizationWithBaseClass" name="createOrg" time="7.246"/>
</testsuite> <!-- com.comcast.crm.contacttestWithBaseClass.CreateOrganizationWithBaseClass -->
