<?xml version="1.0" encoding="UTF-8"?>
<!-- Generated by org.testng.reporters.JUnitReportReporter -->
<testsuite hostname="DESKTOP-9060QJV" failures="0" tests="3" name="PracticeTestNG.CreateContactWithDataProviderTest" time="0.147" errors="0" timestamp="13 Sept 2025 06:41:19 GMT" skipped="0">
  <testcase classname="PracticeTestNG.CreateContactWithDataProviderTest" name="readDataFromDataProvider" time="0.029"/>
  <testcase classname="PracticeTestNG.CreateContactWithDataProviderTest" name="readDataFromDataProvider" time="0.102"/>
  <testcase classname="PracticeTestNG.CreateContactWithDataProviderTest" name="readDataFromDataProvider" time="0.016"/>
</testsuite> <!-- PracticeTestNG.CreateContactWithDataProviderTest -->
