<?xml version="1.0" encoding="UTF-8"?>
<!-- Generated by org.testng.reporters.JUnitReportReporter -->
<testsuite hostname="DESKTOP-9060QJV" failures="0" tests="2" name="com.comcast.crm.Baseclass.CreateContactTestWithBaseClass" time="0.097" errors="0" timestamp="17 Sept 2025 10:23:03 GMT" skipped="0">
  <testcase classname="com.comcast.crm.Baseclass.CreateContactTestWithBaseClass" name="createContact" time="0.056"/>
  <testcase classname="com.comcast.crm.Baseclass.CreateContactTestWithBaseClass" name="createContactWithDate" time="0.041"/>
</testsuite> <!-- com.comcast.crm.Baseclass.CreateContactTestWithBaseClass -->
