<?xml version="1.0" encoding="UTF-8"?>
<!-- Generated by org.testng.reporters.JUnitReportReporter -->
<testsuite hostname="DESKTOP-9060QJV" failures="0" tests="2" name="BatchExecution.CreateContactTestWithBlankBaseClass" time="0.108" errors="0" timestamp="19 Sept 2025 06:21:18 GMT" skipped="0">
  <testcase classname="BatchExecution.CreateContactTestWithBlankBaseClass" name="createContact" time="0.095"/>
  <testcase classname="BatchExecution.CreateContactTestWithBlankBaseClass" name="createContactWithDate" time="0.013"/>
</testsuite> <!-- BatchExecution.CreateContactTestWithBlankBaseClass -->
