<?xml version="1.0" encoding="UTF-8"?>
<!-- Generated by org.testng.reporters.JUnitReportReporter -->
<testsuite hostname="DESKTOP-9060QJV" failures="0" tests="2" name="PracticeTestNG.SampleTest" time="0.102" errors="0" timestamp="12 Sept 2025 08:15:34 GMT" skipped="0">
  <testcase classname="PracticeTestNG.SampleTest" name="createContactWithMobileNumberTest" time="0.076"/>
  <testcase classname="PracticeTestNG.SampleTest" name="createContacttest" time="0.026"/>
</testsuite> <!-- PracticeTestNG.SampleTest -->
