<?xml version="1.0" encoding="UTF-8"?>
<!-- Generated by org.testng.reporters.JUnitReportReporter -->
<testsuite hostname="DESKTOP-9060QJV" failures="0" tests="2" name="com.pack1.CreateContactTest" time="0.114" errors="0" timestamp="17 Sept 2025 09:32:31 GMT" skipped="0">
  <testcase classname="com.pack1.CreateContactTest" name="createContactWithDate" time="0.024"/>
  <testcase classname="com.pack1.CreateContactTest" name="createContact" time="0.090"/>
</testsuite> <!-- com.pack1.CreateContactTest -->
