<?xml version="1.0" encoding="UTF-8"?>
<!-- Generated by org.testng.reporters.JUnitReportReporter -->
<testsuite hostname="DESKTOP-9060QJV" failures="0" tests="1" name="PracticeTestNG.GetProductInfoWithDataProviderTest" time="18.032" errors="0" timestamp="16 Sept 2025 07:01:55 GMT" skipped="0">
  <testcase classname="PracticeTestNG.GetProductInfoWithDataProviderTest" name="getProductInfoTest" time="18.032"/>
</testsuite> <!-- PracticeTestNG.GetProductInfoWithDataProviderTest -->
