<?xml version="1.0" encoding="UTF-8"?>
<!-- Generated by org.testng.reporters.JUnitReportReporter -->
<testsuite hostname="DESKTOP-9060QJV" failures="0" tests="2" name="BatchExecution.CreateOrganizationTestWithBlankBaseClass" time="0.202" errors="0" timestamp="19 Sept 2025 06:21:19 GMT" skipped="0">
  <testcase classname="BatchExecution.CreateOrganizationTestWithBlankBaseClass" name="createOrgTest" time="0.122"/>
  <testcase classname="BatchExecution.CreateOrganizationTestWithBlankBaseClass" name="createorgWithIndustry" time="0.080"/>
</testsuite> <!-- BatchExecution.CreateOrganizationTestWithBlankBaseClass -->
