<?xml version="1.0" encoding="UTF-8"?>
<!-- Generated by org.testng.reporters.JUnitReportReporter -->
<testsuite hostname="DESKTOP-9060QJV" failures="0" tests="3" name="advanceReport.AdvanceReport" time="1.285" errors="0" timestamp="24 Sept 2025 05:33:45 GMT" skipped="0">
  <testcase classname="advanceReport.AdvanceReport" name="createContactTestwithORG" time="0.019"/>
  <testcase classname="advanceReport.AdvanceReport" name="createContactTest" time="1.242"/>
  <testcase classname="advanceReport.AdvanceReport" name="createContactTestwithPhoneNumber" time="0.024"/>
</testsuite> <!-- advanceReport.AdvanceReport -->
